2026-04-12 19:15:46,620 [INFO] Starting MovieLens seed loader...
2026-04-12 19:15:46,620 [INFO] Connecting to MongoDB...
2026-04-12 19:15:48,522 [INFO] Connected to database: proyecto_final
2026-04-12 19:15:48,523 [INFO] --- STEP 1: Load & sample ratings ---
2026-04-12 19:15:48,523 [INFO] Reading ratings.csv with Polars...
2026-04-12 19:15:50,865 [INFO] Full ratings shape: 32000204 rows x 4 cols
2026-04-12 19:15:50,869 [INFO] Sampling 5,000 random users...
2026-04-12 19:15:51,165 [INFO] Ratings after user filter: 806,945
2026-04-12 19:15:51,166 [INFO] Filtering movies with fewer than 100 ratings...
2026-04-12 19:15:51,193 [INFO] Ratings after movie popularity filter: 580,305
2026-04-12 19:15:51,229 [INFO] Final sample — users: 5,000 | movies: 1,795 | ratings: 580,305
2026-04-12 19:15:51,233 [INFO] --- STEP 2: Load supporting files ---
2026-04-12 19:15:51,234 [INFO] Reading movies.csv...
2026-04-12 19:15:51,254 [INFO] Movies loaded: 1,795
2026-04-12 19:15:51,254 [INFO] Reading tags.csv...
2026-04-12 19:15:51,391 [INFO] Tags loaded: 15,686
2026-04-12 19:15:51,391 [INFO] Reading links.csv...
2026-04-12 19:15:51,401 [INFO] Links loaded: 1,795
2026-04-12 19:15:51,401 [INFO] --- STEP 3: Insert into MongoDB ---
2026-04-12 19:15:51,557 [INFO] Inserting 1,795 docs into 'movies'...
2026-04-12 19:15:56,079 [INFO] 'movies' ready — 1,795 documents.
2026-04-12 19:15:56,276 [INFO] Inserting 580,305 docs into 'ratings'...
2026-04-12 19:19:12,277 [INFO] 'ratings' ready — 580,305 documents.
2026-04-12 19:19:12,571 [INFO] Inserting 15,686 docs into 'tags'...
2026-04-12 19:19:21,479 [INFO] 'tags' ready — 15,686 documents.
2026-04-12 19:19:22,068 [INFO] Inserting 1,795 docs into 'links'...
2026-04-12 19:19:26,426 [INFO] 'links' ready — 1,795 documents.
2026-04-12 19:19:26,427 [INFO] --- STEP 4: Summary ---
2026-04-12 19:19:26,427 [INFO] ==================================================
2026-04-12 19:19:26,427 [INFO] SEED COMPLETE — collection counts:
2026-04-12 19:19:26,526 [INFO]   movies     1,795 documents
2026-04-12 19:19:26,835 [INFO]   ratings    580,305 documents
2026-04-12 19:19:26,956 [INFO]   tags       15,686 documents
2026-04-12 19:19:27,059 [INFO]   links      1,795 documents
2026-04-12 19:19:27,059 [INFO] ==================================================
2026-04-12 19:19:27,163 [INFO] Seed loader finished successfully.
