2026-04-12 19:22:02,508 [INFO] === TRANSFORM STEP START ===
2026-04-12 19:22:02,508 [INFO] Loading extracted parquet files...
2026-04-12 19:22:02,529 [INFO] Loaded — ratings: 580,305 | movies: 1,795 | tags: 15,686
2026-04-12 19:22:02,529 [INFO] --- Cleaning ---
2026-04-12 19:22:02,529 [INFO] Cleaning ratings...
2026-04-12 19:22:02,581 [INFO] Ratings cleaned — 580,305 → 580,305 rows (dropped 0)
2026-04-12 19:22:02,582 [INFO] Cleaning movies...
2026-04-12 19:22:02,589 [INFO] Movies cleaned — 1,795 rows
2026-04-12 19:22:02,589 [INFO] Cleaning tags...
2026-04-12 19:22:02,592 [INFO] Tags cleaned — 15,686 rows
2026-04-12 19:22:02,592 [INFO] --- Feature Engineering ---
2026-04-12 19:22:02,592 [INFO] Computing movie-level stats...
2026-04-12 19:22:02,600 [INFO] Movie stats computed — 1,795 movies
2026-04-12 19:22:02,601 [INFO] Computing user-level stats...
2026-04-12 19:22:02,604 [INFO] User stats computed — 5,000 users
2026-04-12 19:22:02,604 [INFO] Aggregating tags per movie...
2026-04-12 19:22:02,605 [INFO] Tags aggregated — 1,389 movies with tags
2026-04-12 19:22:02,605 [INFO] --- Building processed Dataset ---
2026-04-12 19:22:02,605 [INFO] Building processed dataset...
2026-04-12 19:22:02,736 [INFO] processed dataset built — 580305 rows x 13 cols
2026-04-12 19:22:02,736 [INFO] Columns: ['userId', 'movieId', 'rating', 'timestamp', 'title', 'genres', 'year', 'avg_rating', 'rating_count', 'rating_std', 'tags', 'user_rating_count', 'user_avg_rating']
2026-04-12 19:22:03,071 [INFO] processed dataset saved to: /Users/isaaccastillo/Documents/proyecto_final/etl/../data/processed/processed.parquet
2026-04-12 19:22:03,071 [INFO] === TRANSFORM STEP COMPLETE ===
